2021-09-21 11:10:43,913 - INFO - Installing and setting up Chrome driver.
2021-09-21 11:10:45,707 - INFO - Fetching data for provider CENTRAL VALLEY GENERAL HOSPITAL with zipcode 93230
2021-09-21 11:10:45,707 - DEBUG - Opening TH URL for provider (page 1).
2021-09-21 11:10:47,333 - DEBUG - Scraping service # 0 on page.
2021-09-21 11:10:47,334 - DEBUG - Scraping service information...
2021-09-21 11:10:48,907 - DEBUG - Finding information tabs for provider. Common options are "Provider" and "Disclaimer".
2021-09-21 11:10:48,944 - DEBUG - Found index of "Provider tab at index 0."
2021-09-21 11:10:50,466 - DEBUG - Fetching provider name...
2021-09-21 11:10:50,488 - DEBUG - Fetching provider address...
2021-09-21 11:10:50,508 - DEBUG - Fetching comparison statistics...
2021-09-21 11:10:50,591 - DEBUG - Fetching cash price...
2021-09-21 11:10:50,665 - DEBUG - Fetching insurance price for AETNA 2021...
2021-09-21 11:10:51,482 - DEBUG - Fetching insurance price for BEECH STREET...
2021-09-21 11:10:52,279 - DEBUG - Fetching insurance price for BLUE CROSS MCS 2021...
2021-09-21 11:10:53,075 - DEBUG - Fetching insurance price for BLUE CROSS NON-MCS 2021...
2021-09-21 11:10:53,873 - DEBUG - Fetching insurance price for BLUE SHIELD EPN...
2021-09-21 11:10:54,687 - DEBUG - Fetching insurance price for BLUE SHIELD NON-EPN...
2021-09-21 11:10:55,485 - DEBUG - Fetching insurance price for CHOICECARE...
2021-09-21 11:10:56,279 - DEBUG - Fetching insurance price for CIGNA...
2021-09-21 11:10:57,076 - DEBUG - Fetching insurance price for FIRST HEALTH...
2021-09-21 11:10:57,876 - DEBUG - Fetching insurance price for HEALTHNET...
2021-09-21 11:10:58,675 - DEBUG - Fetching insurance price for MULTIPLAN...
2021-09-21 11:10:59,468 - DEBUG - Fetching insurance price for PACIFIC HEALTH ALLIANCE...
2021-09-21 11:11:00,258 - DEBUG - Fetching insurance price for PHCS PPO...
2021-09-21 11:11:01,056 - DEBUG - Fetching insurance price for PREFERRED HEALTH NETWORK...
2021-09-21 11:11:01,855 - DEBUG - Fetching insurance price for WESTERN GROWERS 2021...
2021-09-21 11:11:02,642 - DEBUG - Appening row to table...
2021-09-21 11:11:04,154 - DEBUG - Scraping service # 1 on page.
2021-09-21 11:11:04,154 - DEBUG - Scraping service information...
2021-09-21 11:11:05,716 - DEBUG - Finding information tabs for provider. Common options are "Provider" and "Disclaimer".
2021-09-21 11:11:05,749 - DEBUG - Found index of "Provider tab at index 0."
2021-09-21 11:11:07,275 - DEBUG - Fetching provider name...
2021-09-21 11:11:07,296 - DEBUG - Fetching provider address...
2021-09-21 11:11:07,316 - DEBUG - Fetching comparison statistics...
2021-09-21 11:11:07,398 - DEBUG - Fetching cash price...
2021-09-21 11:11:07,470 - DEBUG - Fetching insurance price for AETNA 2021...
2021-09-21 11:11:08,271 - DEBUG - Fetching insurance price for BEECH STREET...
2021-09-21 11:11:09,067 - DEBUG - Fetching insurance price for BLUE CROSS MCS 2021...
2021-09-21 11:11:09,864 - DEBUG - Fetching insurance price for BLUE CROSS NON-MCS 2021...
2021-09-21 11:11:10,662 - DEBUG - Fetching insurance price for BLUE SHIELD EPN...
2021-09-21 11:11:11,459 - DEBUG - Fetching insurance price for BLUE SHIELD NON-EPN...
2021-09-21 11:11:12,253 - DEBUG - Fetching insurance price for CHOICECARE...
2021-09-21 11:11:13,049 - DEBUG - Fetching insurance price for CIGNA...
2021-09-21 11:11:13,839 - DEBUG - Fetching insurance price for FIRST HEALTH...
2021-09-21 11:11:14,633 - DEBUG - Fetching insurance price for HEALTHNET...
2021-09-21 11:11:15,428 - DEBUG - Fetching insurance price for INTERPLAN...
2021-09-21 11:11:16,224 - DEBUG - Fetching insurance price for MULTIPLAN...
2021-09-21 11:11:44,981 - DEBUG - Fetching insurance price for BLUE CROSS MCS 2021...
2021-09-21 11:11:45,777 - DEBUG - Fetching insurance price for BLUE CROSS NON-MCS 2021...
2021-09-21 11:11:46,575 - DEBUG - Fetching insurance price for BLUE SHIELD EPN...
2021-09-21 11:11:47,374 - DEBUG - Fetching insurance price for BLUE SHIELD NON-EPN...
2021-09-21 11:11:48,165 - DEBUG - Fetching insurance price for CHOICECARE...
2021-09-21 11:11:48,963 - DEBUG - Fetching insurance price for CIGNA...
2021-09-21 11:11:49,760 - DEBUG - Fetching insurance price for FIRST HEALTH...
2021-09-21 11:11:50,557 - DEBUG - Fetching insurance price for HEALTHNET...
2021-09-21 11:11:51,351 - DEBUG - Fetching insurance price for MULTIPLAN...
2021-09-21 11:11:52,145 - DEBUG - Fetching insurance price for PACIFIC HEALTH ALLIANCE...
2021-09-21 11:11:52,940 - DEBUG - Fetching insurance price for PHCS PPO...
2021-09-21 11:11:53,730 - DEBUG - Fetching insurance price for PREFERRED HEALTH NETWORK...
2021-09-21 11:11:54,526 - DEBUG - Fetching insurance price for WESTERN GROWERS 2021...
2021-09-21 11:11:55,315 - DEBUG - Appening row to table...
2021-09-21 11:11:56,824 - DEBUG - Scraping service # 4 on page.
2021-09-21 11:11:56,826 - DEBUG - Scraping service information...
2021-09-21 11:11:58,387 - DEBUG - Finding information tabs for provider. Common options are "Provider" and "Disclaimer".
2021-09-21 11:11:58,423 - DEBUG - Found index of "Provider tab at index 0."
2021-09-21 11:11:59,949 - DEBUG - Fetching provider name...
2021-09-21 11:11:59,970 - DEBUG - Fetching provider address...
2021-09-21 11:11:59,989 - DEBUG - Fetching comparison statistics...
2021-09-21 11:12:00,085 - DEBUG - Fetching cash price...
2021-09-21 11:12:00,162 - DEBUG - Fetching insurance price for AETNA 2021...
2021-09-21 11:12:00,986 - DEBUG - Fetching insurance price for BEECH STREET...
2021-09-21 11:12:01,800 - DEBUG - Fetching insurance price for BLUE CROSS MCS 2021...
2021-09-21 11:12:02,613 - DEBUG - Fetching insurance price for BLUE CROSS NON-MCS 2021...
2021-09-21 11:12:03,427 - DEBUG - Fetching insurance price for BLUE SHIELD EPN...
2021-09-21 11:12:04,237 - DEBUG - Fetching insurance price for BLUE SHIELD NON-EPN...
2021-09-21 11:12:05,049 - DEBUG - Fetching insurance price for CHOICECARE...
2021-09-21 11:12:05,858 - DEBUG - Fetching insurance price for CIGNA...
2021-09-21 11:12:06,657 - DEBUG - Fetching insurance price for FIRST HEALTH...
2021-09-21 11:12:07,457 - DEBUG - Fetching insurance price for HEALTHNET...
2021-09-21 11:12:08,266 - DEBUG - Fetching insurance price for MULTIPLAN...
2021-09-21 11:12:09,078 - DEBUG - Fetching insurance price for PACIFIC HEALTH ALLIANCE...
2021-09-21 11:12:09,892 - DEBUG - Fetching insurance price for PHCS PPO...
2021-09-21 11:12:10,710 - DEBUG - Fetching insurance price for PREFERRED HEALTH NETWORK...
2021-09-21 11:12:11,524 - DEBUG - Fetching insurance price for WESTERN GROWERS 2021...
2021-09-21 11:12:12,324 - DEBUG - Appening row to table...
2021-09-21 11:12:13,837 - DEBUG - Scraping service # 5 on page.
2021-09-21 11:12:13,838 - DEBUG - Scraping service information...
2021-09-21 11:12:15,399 - DEBUG - Finding information tabs for provider. Common options are "Provider" and "Disclaimer".
2021-09-21 11:12:15,435 - DEBUG - Found index of "Provider tab at index 0."
2021-09-21 11:12:16,964 - DEBUG - Fetching provider name...
2021-09-21 11:12:16,986 - DEBUG - Fetching provider address...
2021-09-21 11:12:17,006 - DEBUG - Fetching comparison statistics...
2021-09-21 11:12:17,089 - DEBUG - Fetching cash price...
2021-09-21 11:12:17,158 - DEBUG - Fetching insurance price for AETNA 2021...
2021-09-21 11:12:17,952 - DEBUG - Fetching insurance price for BEECH STREET...
2021-09-21 11:12:18,749 - DEBUG - Fetching insurance price for BLUE SHIELD EPN...
2021-09-21 11:12:19,547 - DEBUG - Fetching insurance price for BLUE SHIELD NON-EPN...
2021-09-21 11:12:20,347 - DEBUG - Fetching insurance price for CHOICECARE...
2021-09-21 11:12:21,146 - DEBUG - Fetching insurance price for CIGNA...
2021-09-21 11:12:21,943 - DEBUG - Fetching insurance price for FIRST HEALTH...
2021-09-21 11:12:22,743 - DEBUG - Fetching insurance price for HEALTHNET...
2021-09-21 11:12:23,541 - DEBUG - Fetching insurance price for MULTIPLAN...
2021-09-21 11:12:24,337 - DEBUG - Fetching insurance price for PACIFIC HEALTH ALLIANCE...
2021-09-21 11:12:25,133 - DEBUG - Fetching insurance price for PHCS PPO...
2021-09-21 11:12:25,921 - DEBUG - Fetching insurance price for PREFERRED HEALTH NETWORK...
2021-09-21 11:12:26,715 - DEBUG - Fetching insurance price for UHC ALL PAYER...
2021-09-21 11:12:27,501 - DEBUG - Appening row to table...
2021-09-21 11:12:29,009 - DEBUG - Scraping service # 6 on page.
2021-09-21 11:12:29,013 - DEBUG - Scraping service information...
2021-09-21 11:12:30,570 - DEBUG - Finding information tabs for provider. Common options are "Provider" and "Disclaimer".
2021-09-21 11:12:30,604 - DEBUG - Found index of "Provider tab at index 0."
2021-09-21 11:12:32,127 - DEBUG - Fetching provider name...
2021-09-21 11:12:32,148 - DEBUG - Fetching provider address...
2021-09-21 11:12:32,167 - DEBUG - Fetching comparison statistics...
2021-09-21 11:12:32,256 - DEBUG - Fetching cash price...
2021-09-21 11:12:32,333 - DEBUG - Fetching insurance price for AETNA 2021...
2021-09-21 11:12:33,139 - DEBUG - Fetching insurance price for BEECH STREET...
2021-09-21 11:12:33,932 - DEBUG - Fetching insurance price for BLUE SHIELD EPN...
2021-09-21 11:12:34,727 - DEBUG - Fetching insurance price for BLUE SHIELD NON-EPN...
2021-09-21 11:12:35,524 - DEBUG - Fetching insurance price for CHOICECARE...
2021-09-21 11:12:36,317 - DEBUG - Fetching insurance price for CIGNA...
2021-09-21 11:12:37,108 - DEBUG - Fetching insurance price for FIRST HEALTH...
2021-09-21 11:12:37,901 - DEBUG - Fetching insurance price for HEALTHNET...
2021-09-21 11:12:38,696 - DEBUG - Fetching insurance price for MULTIPLAN...
2021-09-21 11:12:39,490 - DEBUG - Fetching insurance price for PACIFIC HEALTH ALLIANCE...
2021-09-21 11:12:40,284 - DEBUG - Fetching insurance price for PHCS PPO...
2021-09-21 11:12:41,080 - DEBUG - Fetching insurance price for PREFERRED HEALTH NETWORK...
2021-09-21 11:12:41,868 - DEBUG - Appening row to table...
2021-09-21 11:12:43,384 - DEBUG - Scraping service # 7 on page.
2021-09-21 11:12:43,386 - DEBUG - Scraping service information...
2021-09-21 11:12:44,949 - DEBUG - Finding information tabs for provider. Common options are "Provider" and "Disclaimer".
2021-09-21 11:12:44,981 - DEBUG - Found index of "Provider tab at index 0."
2021-09-21 11:12:46,507 - DEBUG - Fetching provider name...
2021-09-21 11:12:46,539 - DEBUG - Fetching provider address...
2021-09-21 11:12:46,555 - DEBUG - Fetching comparison statistics...
2021-09-21 11:12:46,652 - DEBUG - Fetching cash price...
2021-09-21 11:12:46,730 - DEBUG - Fetching insurance price for AETNA 2021...
2021-09-21 11:12:47,530 - DEBUG - Fetching insurance price for BEECH STREET...
2021-09-21 11:12:48,322 - DEBUG - Fetching insurance price for BLUE CROSS MCS 2021...
2021-09-21 11:12:49,118 - DEBUG - Fetching insurance price for BLUE CROSS NON-MCS 2021...
2021-09-21 11:12:49,916 - DEBUG - Fetching insurance price for BLUE SHIELD EPN...
2021-09-21 11:12:50,708 - DEBUG - Fetching insurance price for BLUE SHIELD NON-EPN...
2021-09-21 11:12:51,496 - DEBUG - Fetching insurance price for CHOICECARE...
2021-09-21 11:12:52,286 - DEBUG - Fetching insurance price for CIGNA...
2021-09-21 11:12:53,076 - DEBUG - Fetching insurance price for FIRST HEALTH...
2021-09-21 11:12:53,868 - DEBUG - Fetching insurance price for HEALTHNET...
2021-09-21 11:12:54,662 - DEBUG - Fetching insurance price for INTERPLAN...
2021-09-21 11:12:55,454 - DEBUG - Fetching insurance price for MULTIPLAN...
2021-09-21 11:12:56,251 - DEBUG - Fetching insurance price for PACIFIC HEALTH ALLIANCE...
2021-09-21 11:12:57,046 - DEBUG - Fetching insurance price for PHCS PPO...
2021-09-21 11:12:57,840 - DEBUG - Fetching insurance price for PREFERRED HEALTH NETWORK...
2021-09-21 11:12:58,640 - DEBUG - Fetching insurance price for UHC ALL PAYER...
2021-09-21 11:12:59,432 - DEBUG - Fetching insurance price for UHC NETWORK ONLY...
2021-09-21 11:13:00,229 - DEBUG - Fetching insurance price for WESTERN GROWERS 2021...
2021-09-21 11:13:01,016 - DEBUG - Appening row to table...
2021-09-21 11:13:02,528 - DEBUG - Scraping service # 8 on page.
2021-09-21 11:13:02,528 - DEBUG - Scraping service information...
2021-09-21 11:13:04,091 - DEBUG - Finding information tabs for provider. Common options are "Provider" and "Disclaimer".
2021-09-21 11:13:04,123 - DEBUG - Found index of "Provider tab at index 0."
2021-09-21 11:13:05,648 - DEBUG - Fetching provider name...
2021-09-21 11:13:05,674 - DEBUG - Fetching provider address...
2021-09-21 11:13:05,694 - DEBUG - Fetching comparison statistics...
2021-09-21 11:13:05,787 - DEBUG - Fetching cash price...
2021-09-21 11:13:05,860 - DEBUG - Fetching insurance price for AETNA 2021...
2021-09-21 11:13:06,665 - DEBUG - Fetching insurance price for BEECH STREET...
2021-09-21 11:13:07,458 - DEBUG - Fetching insurance price for BLUE CROSS MCS 2021...
2021-09-21 11:13:08,252 - DEBUG - Fetching insurance price for BLUE CROSS NON-MCS 2021...
2021-09-21 11:13:09,047 - DEBUG - Fetching insurance price for BLUE SHIELD EPN...
2021-09-21 11:13:09,839 - DEBUG - Fetching insurance price for BLUE SHIELD NON-EPN...
2021-09-21 11:13:10,630 - DEBUG - Fetching insurance price for CHOICECARE...
2021-09-21 11:13:11,420 - DEBUG - Fetching insurance price for CIGNA...
2021-09-21 11:13:12,217 - DEBUG - Fetching insurance price for FIRST HEALTH...
2021-09-21 11:13:13,016 - DEBUG - Fetching insurance price for HEALTHNET...
2021-09-21 11:13:13,807 - DEBUG - Fetching insurance price for INTERPLAN...
2021-09-21 11:13:14,602 - DEBUG - Fetching insurance price for MULTIPLAN...
2021-09-21 11:13:15,403 - DEBUG - Fetching insurance price for PACIFIC HEALTH ALLIANCE...
2021-09-21 11:13:16,202 - DEBUG - Fetching insurance price for PHCS PPO...
2021-09-21 11:13:17,001 - DEBUG - Fetching insurance price for PREFERRED HEALTH NETWORK...
2021-09-21 11:13:17,800 - DEBUG - Fetching insurance price for UHC ALL PAYER...
2021-09-21 11:13:18,596 - DEBUG - Fetching insurance price for UHC NETWORK ONLY...
2021-09-21 11:13:19,390 - DEBUG - Fetching insurance price for WESTERN GROWERS 2021...
2021-09-21 11:13:20,179 - DEBUG - Appening row to table...
2021-09-21 11:13:21,691 - DEBUG - Scraping service # 9 on page.
2021-09-21 11:13:21,692 - DEBUG - Scraping service information...
2021-09-21 11:13:23,255 - DEBUG - Finding information tabs for provider. Common options are "Provider" and "Disclaimer".
2021-09-21 11:13:23,291 - DEBUG - Found index of "Provider tab at index 0."
2021-09-21 11:13:24,815 - DEBUG - Fetching provider name...
2021-09-21 11:13:24,840 - DEBUG - Fetching provider address...
2021-09-21 11:13:24,860 - DEBUG - Fetching comparison statistics...
2021-09-21 11:13:24,949 - DEBUG - Fetching cash price...
2021-09-21 11:13:25,026 - DEBUG - Fetching insurance price for AETNA 2021...
2021-09-21 11:13:25,893 - DEBUG - Fetching insurance price for BEECH STREET...
2021-09-21 11:13:26,755 - DEBUG - Fetching insurance price for BLUE CROSS MCS 2021...
2021-09-21 11:13:27,631 - DEBUG - Fetching insurance price for BLUE CROSS NON-MCS 2021...
2021-09-21 11:13:28,482 - DEBUG - Fetching insurance price for BLUE SHIELD EPN...
2021-09-21 11:13:29,344 - DEBUG - Fetching insurance price for BLUE SHIELD NON-EPN...
2021-09-21 11:13:30,205 - DEBUG - Fetching insurance price for CHOICECARE...
2021-09-21 11:13:31,070 - DEBUG - Fetching insurance price for CIGNA...
2021-09-21 11:13:31,923 - DEBUG - Fetching insurance price for FIRST HEALTH...
2021-09-21 11:13:32,778 - DEBUG - Fetching insurance price for HEALTHNET...
2021-09-21 11:13:33,638 - DEBUG - Fetching insurance price for MULTIPLAN...
2021-09-21 11:13:34,498 - DEBUG - Fetching insurance price for PACIFIC HEALTH ALLIANCE...
2021-09-21 11:13:35,360 - DEBUG - Fetching insurance price for PHCS PPO...
2021-09-21 11:13:36,218 - DEBUG - Fetching insurance price for PREFERRED HEALTH NETWORK...
2021-09-21 11:13:37,079 - DEBUG - Fetching insurance price for WESTERN GROWERS 2021...
2021-09-21 11:13:37,932 - DEBUG - Appening row to table...
2021-09-21 11:13:39,441 - DEBUG - Scraping service # 10 on page.
2021-09-21 11:13:39,441 - DEBUG - Scraping service information...
2021-09-21 11:13:41,003 - DEBUG - Finding information tabs for provider. Common options are "Provider" and "Disclaimer".
2021-09-21 11:13:41,041 - DEBUG - Found index of "Provider tab at index 0."
2021-09-21 11:13:42,567 - DEBUG - Fetching provider name...
2021-09-21 11:13:42,589 - DEBUG - Fetching provider address...
2021-09-21 11:13:42,609 - DEBUG - Fetching comparison statistics...
2021-09-21 11:13:42,694 - DEBUG - Fetching cash price...
2021-09-21 11:13:42,788 - DEBUG - Fetching insurance price for AETNA 2021...
2021-09-21 11:13:43,764 - DEBUG - Fetching insurance price for BEECH STREET...
2021-09-21 11:13:44,736 - DEBUG - Fetching insurance price for BLUE CROSS MCS 2021...
2021-09-21 11:13:45,700 - DEBUG - Fetching insurance price for BLUE CROSS NON-MCS 2021...
2021-09-21 11:13:46,672 - DEBUG - Fetching insurance price for BLUE SHIELD EPN...
2021-09-21 11:13:47,636 - DEBUG - Fetching insurance price for BLUE SHIELD NON-EPN...
2021-09-21 11:13:48,611 - DEBUG - Fetching insurance price for CHOICECARE...
2021-09-21 11:13:49,574 - DEBUG - Fetching insurance price for CIGNA...
2021-09-21 11:13:50,546 - DEBUG - Fetching insurance price for FIRST HEALTH...
2021-09-21 11:13:51,511 - DEBUG - Fetching insurance price for HEALTHNET...
2021-09-21 11:13:52,480 - DEBUG - Fetching insurance price for MULTIPLAN...
2021-09-21 11:13:53,455 - DEBUG - Fetching insurance price for PACIFIC HEALTH ALLIANCE...
2021-09-21 11:13:54,420 - DEBUG - Fetching insurance price for PHCS PPO...
2021-09-21 11:13:55,385 - DEBUG - Fetching insurance price for PREFERRED HEALTH NETWORK...
2021-09-21 11:13:56,366 - DEBUG - Fetching insurance price for WESTERN GROWERS 2021...
2021-09-21 11:13:57,324 - DEBUG - Appening row to table...
2021-09-21 11:13:58,836 - DEBUG - Scraping service # 11 on page.
2021-09-21 11:13:58,837 - DEBUG - Scraping service information...
2021-09-21 11:14:00,403 - DEBUG - Finding information tabs for provider. Common options are "Provider" and "Disclaimer".
2021-09-21 11:14:00,438 - DEBUG - Found index of "Provider tab at index 0."
2021-09-21 11:14:01,965 - DEBUG - Fetching provider name...
2021-09-21 11:14:01,987 - DEBUG - Fetching provider address...
2021-09-21 11:14:02,007 - DEBUG - Fetching comparison statistics...
2021-09-21 11:14:02,095 - DEBUG - Fetching cash price...
2021-09-21 11:14:02,170 - DEBUG - Fetching insurance price for AETNA 2021...
2021-09-21 11:14:02,975 - DEBUG - Fetching insurance price for BEECH STREET...
2021-09-21 11:14:03,772 - DEBUG - Fetching insurance price for BLUE CROSS MCS 2021...
2021-09-21 11:14:04,569 - DEBUG - Fetching insurance price for BLUE CROSS NON-MCS 2021...
2021-09-21 11:14:05,363 - DEBUG - Fetching insurance price for BLUE SHIELD EPN...
2021-09-21 11:14:06,159 - DEBUG - Fetching insurance price for BLUE SHIELD NON-EPN...
2021-09-21 11:14:06,954 - DEBUG - Fetching insurance price for CHOICECARE...
2021-09-21 11:14:07,755 - DEBUG - Fetching insurance price for CIGNA...
2021-09-21 11:14:08,550 - DEBUG - Fetching insurance price for FIRST HEALTH...
2021-09-21 11:14:09,345 - DEBUG - Fetching insurance price for HEALTHNET...
2021-09-21 11:14:10,143 - DEBUG - Fetching insurance price for INTERPLAN...
2021-09-21 11:14:10,941 - DEBUG - Fetching insurance price for MULTIPLAN...
2021-09-21 11:14:11,735 - DEBUG - Fetching insurance price for PACIFIC HEALTH ALLIANCE...
2021-09-21 11:14:12,530 - DEBUG - Fetching insurance price for PHCS PPO...
2021-09-21 11:14:13,325 - DEBUG - Fetching insurance price for PREFERRED HEALTH NETWORK...
2021-09-21 11:14:14,123 - DEBUG - Fetching insurance price for UHC ALL PAYER...
2021-09-21 11:14:14,923 - DEBUG - Fetching insurance price for UHC NETWORK ONLY...
2021-09-21 11:14:15,721 - DEBUG - Fetching insurance price for WESTERN GROWERS 2021...
2021-09-21 11:14:16,510 - DEBUG - Appening row to table...
2021-09-21 11:14:18,024 - DEBUG - Scraping service # 12 on page.
2021-09-21 11:14:18,024 - DEBUG - Scraping service information...
2021-09-21 11:14:19,586 - DEBUG - Finding information tabs for provider. Common options are "Provider" and "Disclaimer".
2021-09-21 11:14:19,624 - DEBUG - Found index of "Provider tab at index 0."
2021-09-21 11:14:21,148 - DEBUG - Fetching provider name...
2021-09-21 11:14:21,170 - DEBUG - Fetching provider address...
2021-09-21 11:14:21,190 - DEBUG - Fetching comparison statistics...
2021-09-21 11:14:21,273 - DEBUG - Fetching cash price...
2021-09-21 11:14:21,345 - DEBUG - Fetching insurance price for AETNA 2021...
2021-09-21 11:14:22,148 - DEBUG - Fetching insurance price for BEECH STREET...
2021-09-21 11:14:22,946 - DEBUG - Fetching insurance price for BLUE CROSS MCS 2021...
2021-09-21 11:14:23,758 - DEBUG - Fetching insurance price for BLUE CROSS NON-MCS 2021...
2021-09-21 11:14:24,558 - DEBUG - Fetching insurance price for BLUE SHIELD EPN...
2021-09-21 11:14:25,364 - DEBUG - Fetching insurance price for BLUE SHIELD NON-EPN...
2021-09-21 11:14:26,163 - DEBUG - Fetching insurance price for CHOICECARE...
2021-09-21 11:14:26,960 - DEBUG - Fetching insurance price for CIGNA...
2021-09-21 11:14:27,758 - DEBUG - Fetching insurance price for FIRST HEALTH...
2021-09-21 11:14:28,550 - DEBUG - Fetching insurance price for HEALTHNET...
2021-09-21 11:14:29,346 - DEBUG - Fetching insurance price for INTERPLAN...
2021-09-21 11:14:30,141 - DEBUG - Fetching insurance price for MULTIPLAN...
2021-09-21 11:14:30,934 - DEBUG - Fetching insurance price for PACIFIC HEALTH ALLIANCE...
2021-09-21 11:14:31,729 - DEBUG - Fetching insurance price for PHCS PPO...
2021-09-21 11:14:32,524 - DEBUG - Fetching insurance price for PREFERRED HEALTH NETWORK...
2021-09-21 11:14:33,317 - DEBUG - Fetching insurance price for UHC ALL PAYER...
2021-09-21 11:14:34,111 - DEBUG - Fetching insurance price for UHC NETWORK ONLY...
2021-09-21 11:14:34,908 - DEBUG - Fetching insurance price for WESTERN GROWERS 2021...
2021-09-21 11:14:35,698 - DEBUG - Appening row to table...
2021-09-21 11:14:37,207 - DEBUG - Scraping service # 13 on page.
2021-09-21 11:14:37,208 - DEBUG - Scraping service information...
2021-09-21 11:14:38,769 - DEBUG - Finding information tabs for provider. Common options are "Provider" and "Disclaimer".
2021-09-21 11:14:38,805 - DEBUG - Found index of "Provider tab at index 0."
2021-09-21 11:14:40,331 - DEBUG - Fetching provider name...
2021-09-21 11:14:40,351 - DEBUG - Fetching provider address...
2021-09-21 11:14:40,369 - DEBUG - Fetching comparison statistics...
2021-09-21 11:14:40,452 - DEBUG - Fetching cash price...
2021-09-21 11:14:40,523 - DEBUG - Fetching insurance price for AETNA 2021...
2021-09-21 11:14:41,330 - DEBUG - Fetching insurance price for BEECH STREET...
2021-09-21 11:14:42,124 - DEBUG - Fetching insurance price for BLUE CROSS MCS 2021...
2021-09-21 11:14:42,923 - DEBUG - Fetching insurance price for BLUE CROSS NON-MCS 2021...
2021-09-21 11:14:43,718 - DEBUG - Fetching insurance price for BLUE SHIELD EPN...
2021-09-21 11:14:44,516 - DEBUG - Fetching insurance price for BLUE SHIELD NON-EPN...
2021-09-21 11:14:45,313 - DEBUG - Fetching insurance price for CHOICECARE...
2021-09-21 11:14:46,108 - DEBUG - Fetching insurance price for CIGNA...
2021-09-21 11:14:46,905 - DEBUG - Fetching insurance price for FIRST HEALTH...
2021-09-21 11:14:47,703 - DEBUG - Fetching insurance price for HEALTHNET...
2021-09-21 11:14:48,500 - DEBUG - Fetching insurance price for INTERPLAN...
2021-09-21 11:14:49,292 - DEBUG - Fetching insurance price for MULTIPLAN...
2021-09-21 11:14:50,080 - DEBUG - Fetching insurance price for PACIFIC HEALTH ALLIANCE...
2021-09-21 11:14:50,871 - DEBUG - Fetching insurance price for PHCS PPO...
2021-09-21 11:14:51,665 - DEBUG - Fetching insurance price for PREFERRED HEALTH NETWORK...
2021-09-21 11:14:52,454 - DEBUG - Fetching insurance price for UHC ALL PAYER...
2021-09-21 11:14:53,245 - DEBUG - Fetching insurance price for UHC NETWORK ONLY...
2021-09-21 11:14:54,038 - DEBUG - Fetching insurance price for WESTERN GROWERS 2021...
2021-09-21 11:14:54,825 - DEBUG - Appening row to table...
2021-09-21 11:14:56,336 - DEBUG - Scraping service # 14 on page.
2021-09-21 11:14:56,339 - DEBUG - Scraping service information...
2021-09-21 11:14:57,903 - DEBUG - Finding information tabs for provider. Common options are "Provider" and "Disclaimer".
2021-09-21 11:14:57,939 - DEBUG - Found index of "Provider tab at index 0."
2021-09-21 11:14:59,466 - DEBUG - Fetching provider name...
2021-09-21 11:14:59,487 - DEBUG - Fetching provider address...
2021-09-21 11:14:59,507 - DEBUG - Fetching comparison statistics...
2021-09-21 11:14:59,590 - DEBUG - Fetching cash price...
2021-09-21 11:14:59,662 - DEBUG - Fetching insurance price for AETNA 2021...
2021-09-21 11:15:00,466 - DEBUG - Fetching insurance price for BEECH STREET...
2021-09-21 11:15:01,263 - DEBUG - Fetching insurance price for BLUE CROSS MCS 2021...
2021-09-21 11:15:02,058 - DEBUG - Fetching insurance price for BLUE CROSS NON-MCS 2021...
2021-09-21 11:15:02,851 - DEBUG - Fetching insurance price for BLUE SHIELD EPN...
2021-09-21 11:15:03,650 - DEBUG - Fetching insurance price for BLUE SHIELD NON-EPN...
2021-09-21 11:15:04,450 - DEBUG - Fetching insurance price for CHOICECARE...
2021-09-21 11:15:05,246 - DEBUG - Fetching insurance price for CIGNA...
2021-09-21 11:15:06,041 - DEBUG - Fetching insurance price for FIRST HEALTH...
2021-09-21 11:15:06,835 - DEBUG - Fetching insurance price for HEALTHNET...
2021-09-21 11:15:07,633 - DEBUG - Fetching insurance price for MULTIPLAN...
2021-09-21 11:15:08,429 - DEBUG - Fetching insurance price for PACIFIC HEALTH ALLIANCE...
2021-09-21 11:15:09,224 - DEBUG - Fetching insurance price for PHCS PPO...
2021-09-21 11:15:10,018 - DEBUG - Fetching insurance price for PREFERRED HEALTH NETWORK...
2021-09-21 11:15:10,811 - DEBUG - Fetching insurance price for WESTERN GROWERS 2021...
2021-09-21 11:15:11,599 - DEBUG - Appening row to table...
2021-09-21 11:15:13,108 - DEBUG - Scraping service # 15 on page.
2021-09-21 11:15:13,109 - DEBUG - Scraping service information...
2021-09-21 11:15:14,681 - DEBUG - Finding information tabs for provider. Common options are "Provider" and "Disclaimer".
2021-09-21 11:15:14,725 - DEBUG - Found index of "Provider tab at index 1."
2021-09-21 11:15:16,262 - DEBUG - Fetching provider name...
2021-09-21 11:15:16,284 - DEBUG - Fetching provider address...
2021-09-21 11:15:16,304 - DEBUG - Fetching comparison statistics...
2021-09-21 11:15:16,386 - DEBUG - Fetching cash price...
2021-09-21 11:15:16,459 - DEBUG - Fetching insurance price for AETNA 2021...
2021-09-21 11:15:17,284 - DEBUG - Fetching insurance price for BEECH STREET...
2021-09-21 11:15:18,102 - DEBUG - Fetching insurance price for BLUE CROSS MCS 2021...
2021-09-21 11:15:18,924 - DEBUG - Fetching insurance price for BLUE CROSS NON-MCS 2021...
2021-09-21 11:15:19,748 - DEBUG - Fetching insurance price for BLUE SHIELD EPN...
2021-09-21 11:15:20,568 - DEBUG - Fetching insurance price for BLUE SHIELD NON-EPN...
2021-09-21 11:15:21,385 - DEBUG - Fetching insurance price for CHOICECARE...
2021-09-21 11:15:22,203 - DEBUG - Fetching insurance price for CIGNA...
2021-09-21 11:15:23,024 - DEBUG - Fetching insurance price for FIRST HEALTH...
2021-09-21 11:15:23,848 - DEBUG - Fetching insurance price for HEALTHNET...
2021-09-21 11:15:24,670 - DEBUG - Fetching insurance price for MULTIPLAN...
2021-09-21 11:15:25,488 - DEBUG - Fetching insurance price for PACIFIC HEALTH ALLIANCE...
2021-09-21 11:15:26,315 - DEBUG - Fetching insurance price for PHCS PPO...
2021-09-21 11:15:27,137 - DEBUG - Fetching insurance price for PREFERRED HEALTH NETWORK...
2021-09-21 11:15:27,949 - DEBUG - Fetching insurance price for WESTERN GROWERS 2021...
2021-09-21 11:15:28,763 - DEBUG - Appening row to table...
2021-09-21 11:15:30,281 - DEBUG - Scraping service # 16 on page.
2021-09-21 11:15:30,282 - DEBUG - Scraping service information...
2021-09-21 11:15:31,848 - DEBUG - Finding information tabs for provider. Common options are "Provider" and "Disclaimer".
2021-09-21 11:15:32,043 - DEBUG - Found index of "Provider tab at index 1."
2021-09-21 11:15:33,581 - DEBUG - Fetching provider name...
2021-09-21 11:15:33,603 - DEBUG - Fetching provider address...
2021-09-21 11:15:33,622 - DEBUG - Fetching comparison statistics...
2021-09-21 11:15:33,708 - DEBUG - Fetching cash price...
2021-09-21 11:15:33,781 - DEBUG - Fetching insurance price for AETNA 2021...
2021-09-21 11:15:34,615 - DEBUG - Fetching insurance price for BEECH STREET...
2021-09-21 11:15:35,444 - DEBUG - Fetching insurance price for BLUE CROSS MCS 2021...
2021-09-21 11:15:36,270 - DEBUG - Fetching insurance price for BLUE CROSS NON-MCS 2021...
2021-09-21 11:15:37,094 - DEBUG - Fetching insurance price for BLUE SHIELD EPN...
2021-09-21 11:15:37,940 - DEBUG - Fetching insurance price for BLUE SHIELD NON-EPN...
2021-09-21 11:15:38,765 - DEBUG - Fetching insurance price for CHOICECARE...
2021-09-21 11:15:39,592 - DEBUG - Fetching insurance price for CIGNA...
2021-09-21 11:15:40,414 - DEBUG - Fetching insurance price for FIRST HEALTH...
2021-09-21 11:15:41,237 - DEBUG - Fetching insurance price for HEALTHNET...
2021-09-21 11:15:42,063 - DEBUG - Fetching insurance price for MULTIPLAN...
2021-09-21 11:15:42,886 - DEBUG - Fetching insurance price for PACIFIC HEALTH ALLIANCE...
2021-09-21 11:15:43,711 - DEBUG - Fetching insurance price for PHCS PPO...
2021-09-21 11:15:44,542 - DEBUG - Fetching insurance price for PREFERRED HEALTH NETWORK...
2021-09-21 11:15:45,364 - DEBUG - Fetching insurance price for WESTERN GROWERS 2021...
2021-09-21 11:15:46,184 - DEBUG - Appening row to table...
2021-09-21 11:15:47,693 - DEBUG - Scraping service # 17 on page.
2021-09-21 11:15:47,693 - DEBUG - Scraping service information...
2021-09-21 11:24:42,581 - DEBUG - Finding information tabs for provider. Common options are "Provider" and "Disclaimer".
2021-09-21 11:24:43,975 - DEBUG - Found index of "Provider tab at index 0."
2021-09-21 11:24:45,506 - DEBUG - Fetching provider name...
2021-09-21 11:24:45,522 - DEBUG - Fetching provider address...
2021-09-21 11:24:45,541 - DEBUG - Fetching comparison statistics...
2021-09-21 11:24:45,641 - DEBUG - Fetching cash price...
2021-09-21 11:24:45,726 - DEBUG - Fetching insurance price for AETNA 2021...
2021-09-21 11:24:46,533 - DEBUG - Fetching insurance price for BEECH STREET...
2021-09-21 11:24:47,327 - DEBUG - Fetching insurance price for BLUE CROSS MCS 2021...
2021-09-21 11:24:48,127 - DEBUG - Fetching insurance price for BLUE CROSS NON-MCS 2021...
2021-09-21 11:24:48,922 - DEBUG - Fetching insurance price for BLUE SHIELD EPN...
2021-09-21 11:24:49,712 - DEBUG - Fetching insurance price for BLUE SHIELD NON-EPN...
2021-09-21 11:24:50,506 - DEBUG - Fetching insurance price for CHOICECARE...
2021-09-21 11:24:51,300 - DEBUG - Fetching insurance price for CIGNA...
2021-09-21 11:24:52,093 - DEBUG - Fetching insurance price for FIRST HEALTH...
2021-09-21 11:24:52,897 - DEBUG - Fetching insurance price for HEALTHNET...
2021-09-21 11:24:53,697 - DEBUG - Fetching insurance price for INTERPLAN...
2021-09-21 11:24:54,493 - DEBUG - Fetching insurance price for MULTIPLAN...
2021-09-21 11:24:55,288 - DEBUG - Fetching insurance price for PACIFIC HEALTH ALLIANCE...
2021-09-21 11:24:56,084 - DEBUG - Fetching insurance price for PHCS PPO...
2021-09-21 11:24:56,876 - DEBUG - Fetching insurance price for PREFERRED HEALTH NETWORK...
2021-09-21 11:24:57,673 - DEBUG - Fetching insurance price for UHC ALL PAYER...
2021-09-21 11:24:58,463 - DEBUG - Fetching insurance price for UHC NETWORK ONLY...
2021-09-21 11:24:59,253 - DEBUG - Fetching insurance price for WESTERN GROWERS 2021...
2021-09-21 11:25:00,032 - DEBUG - Appening row to table...
2021-09-21 11:25:01,544 - DEBUG - Scraping service # 18 on page.
2021-09-21 11:25:01,545 - DEBUG - Scraping service information...
2021-09-21 11:25:03,102 - DEBUG - Finding information tabs for provider. Common options are "Provider" and "Disclaimer".
2021-09-21 11:25:41,955 - INFO - Installing and setting up Chrome driver.
2021-09-21 11:25:44,984 - INFO - Fetching data for provider CENTRAL VALLEY GENERAL HOSPITAL with zipcode 93230
2021-09-21 11:25:44,984 - DEBUG - Opening TH URL for provider (page 1).
2021-09-21 11:25:48,144 - DEBUG - Scraping service # 0 on page.
2021-09-21 11:25:48,144 - DEBUG - Scraping service information...
2021-09-21 11:25:49,706 - DEBUG - Finding information tabs for provider. Common options are "Provider" and "Disclaimer".
2021-09-21 11:25:49,793 - DEBUG - Found index of "Provider tab at index 0."
2021-09-21 11:25:51,317 - DEBUG - Fetching provider name...
2021-09-21 11:25:51,403 - DEBUG - Fetching provider address...
2021-09-21 11:25:51,477 - DEBUG - Fetching comparison statistics...
2021-09-21 11:25:51,898 - DEBUG - Fetching cash price...
2021-09-21 11:25:51,980 - DEBUG - Fetching insurance price for AETNA 2021...
2021-09-21 11:25:52,795 - DEBUG - Fetching insurance price for BEECH STREET...
2021-09-21 11:25:53,590 - DEBUG - Fetching insurance price for BLUE CROSS MCS 2021...
2021-09-21 11:25:54,390 - DEBUG - Fetching insurance price for BLUE CROSS NON-MCS 2021...
2021-09-21 11:25:55,180 - DEBUG - Fetching insurance price for BLUE SHIELD EPN...
2021-09-21 11:25:55,977 - DEBUG - Fetching insurance price for BLUE SHIELD NON-EPN...
2021-09-21 11:25:56,773 - DEBUG - Fetching insurance price for CHOICECARE...
2021-09-21 11:25:57,573 - DEBUG - Fetching insurance price for CIGNA...
2021-09-21 11:25:58,372 - DEBUG - Fetching insurance price for FIRST HEALTH...
2021-09-21 11:25:59,174 - DEBUG - Fetching insurance price for HEALTHNET...
2021-09-21 11:25:59,972 - DEBUG - Fetching insurance price for MULTIPLAN...
2021-09-21 11:26:00,767 - DEBUG - Fetching insurance price for PACIFIC HEALTH ALLIANCE...
2021-09-21 11:26:01,561 - DEBUG - Fetching insurance price for PHCS PPO...
2021-09-21 11:26:02,356 - DEBUG - Fetching insurance price for PREFERRED HEALTH NETWORK...
2021-09-21 11:26:03,155 - DEBUG - Fetching insurance price for WESTERN GROWERS 2021...
2021-09-21 11:26:03,944 - DEBUG - Appening row to table...
2021-09-21 11:26:05,464 - DEBUG - Scraping service # 1 on page.
2021-09-21 11:26:05,464 - DEBUG - Scraping service information...
2021-09-21 11:26:07,029 - DEBUG - Finding information tabs for provider. Common options are "Provider" and "Disclaimer".
2021-09-21 11:26:07,064 - DEBUG - Found index of "Provider tab at index 0."
2021-09-21 11:26:08,606 - DEBUG - Fetching provider name...
2021-09-21 11:26:08,628 - DEBUG - Fetching provider address...
2021-09-21 11:26:08,649 - DEBUG - Fetching comparison statistics...
2021-09-21 11:26:08,734 - DEBUG - Fetching cash price...
2021-09-21 11:26:08,812 - DEBUG - Fetching insurance price for AETNA 2021...
2021-09-21 11:26:09,613 - DEBUG - Fetching insurance price for BEECH STREET...
2021-09-21 11:26:10,410 - DEBUG - Fetching insurance price for BLUE CROSS MCS 2021...
2021-09-21 11:26:11,206 - DEBUG - Fetching insurance price for BLUE CROSS NON-MCS 2021...
2021-09-21 11:26:11,999 - DEBUG - Fetching insurance price for BLUE SHIELD EPN...
2021-09-21 11:26:12,799 - DEBUG - Fetching insurance price for BLUE SHIELD NON-EPN...
2021-09-21 11:26:13,594 - DEBUG - Fetching insurance price for CHOICECARE...
2021-09-21 11:26:14,393 - DEBUG - Fetching insurance price for CIGNA...
2021-09-21 11:26:15,189 - DEBUG - Fetching insurance price for FIRST HEALTH...
2021-09-21 11:26:15,987 - DEBUG - Fetching insurance price for HEALTHNET...
2021-09-21 11:26:16,783 - DEBUG - Fetching insurance price for INTERPLAN...
2021-09-21 11:26:17,582 - DEBUG - Fetching insurance price for MULTIPLAN...
2021-09-21 11:26:18,377 - DEBUG - Fetching insurance price for PACIFIC HEALTH ALLIANCE...
2021-09-21 11:26:19,177 - DEBUG - Fetching insurance price for PHCS PPO...
2021-09-21 11:26:19,973 - DEBUG - Fetching insurance price for PREFERRED HEALTH NETWORK...
2021-09-21 11:26:20,765 - DEBUG - Fetching insurance price for UHC ALL PAYER...
2021-09-21 11:26:21,560 - DEBUG - Fetching insurance price for UHC NETWORK ONLY...
2021-09-21 11:26:22,356 - DEBUG - Fetching insurance price for WESTERN GROWERS 2021...
